[0.619s] Invoking command in '/home/sidd/ROB599_NarrowCorridorNavigation/src/robot_pkg': DEBUGINFOD_URLS=https://debuginfod.ubuntu.com PYTHONPATH=/home/sidd/ROB599_NarrowCorridorNavigation/build/robot_pkg/prefix_override:/usr/lib/python3/dist-packages/colcon_core/task/python/colcon_distutils_commands:/home/sidd/ROB599_NarrowCorridorNavigation/install/robot_pkg/lib/python3.12/site-packages:${PYTHONPATH} /usr/bin/python3 -W ignore:setup.py install is deprecated -W ignore:easy_install command is deprecated setup.py egg_info --egg-base ../../build/robot_pkg build --build-base /home/sidd/ROB599_NarrowCorridorNavigation/build/robot_pkg/build install --record /home/sidd/ROB599_NarrowCorridorNavigation/build/robot_pkg/install.log --single-version-externally-managed install_data
[0.726s] running egg_info
[0.732s] writing ../../build/robot_pkg/robot_pkg.egg-info/PKG-INFO
[0.733s] writing dependency_links to ../../build/robot_pkg/robot_pkg.egg-info/dependency_links.txt
[0.733s] writing entry points to ../../build/robot_pkg/robot_pkg.egg-info/entry_points.txt
[0.733s] writing requirements to ../../build/robot_pkg/robot_pkg.egg-info/requires.txt
[0.733s] writing top-level names to ../../build/robot_pkg/robot_pkg.egg-info/top_level.txt
[0.747s] reading manifest file '../../build/robot_pkg/robot_pkg.egg-info/SOURCES.txt'
[0.747s] adding license file 'LICENSE'
[0.747s] writing manifest file '../../build/robot_pkg/robot_pkg.egg-info/SOURCES.txt'
[0.747s] running build
[0.747s] running build_py
[0.747s] running install
[0.750s] running install_lib
[0.757s] running install_data
[0.757s] running install_egg_info
[0.765s] removing '/home/sidd/ROB599_NarrowCorridorNavigation/install/robot_pkg/lib/python3.12/site-packages/robot_pkg-0.0.0-py3.12.egg-info' (and everything under it)
[0.765s] Copying ../../build/robot_pkg/robot_pkg.egg-info to /home/sidd/ROB599_NarrowCorridorNavigation/install/robot_pkg/lib/python3.12/site-packages/robot_pkg-0.0.0-py3.12.egg-info
[0.765s] running install_scripts
[0.818s] Installing test script to /home/sidd/ROB599_NarrowCorridorNavigation/install/robot_pkg/lib/robot_pkg
[0.818s] writing list of installed files to '/home/sidd/ROB599_NarrowCorridorNavigation/build/robot_pkg/install.log'
[0.845s] Invoked command in '/home/sidd/ROB599_NarrowCorridorNavigation/src/robot_pkg' returned '0': DEBUGINFOD_URLS=https://debuginfod.ubuntu.com PYTHONPATH=/home/sidd/ROB599_NarrowCorridorNavigation/build/robot_pkg/prefix_override:/usr/lib/python3/dist-packages/colcon_core/task/python/colcon_distutils_commands:/home/sidd/ROB599_NarrowCorridorNavigation/install/robot_pkg/lib/python3.12/site-packages:${PYTHONPATH} /usr/bin/python3 -W ignore:setup.py install is deprecated -W ignore:easy_install command is deprecated setup.py egg_info --egg-base ../../build/robot_pkg build --build-base /home/sidd/ROB599_NarrowCorridorNavigation/build/robot_pkg/build install --record /home/sidd/ROB599_NarrowCorridorNavigation/build/robot_pkg/install.log --single-version-externally-managed install_data
