running egg_info
creating ../../build/interface_pkg/interface_pkg.egg-info
writing ../../build/interface_pkg/interface_pkg.egg-info/PKG-INFO
writing dependency_links to ../../build/interface_pkg/interface_pkg.egg-info/dependency_links.txt
writing requirements to ../../build/interface_pkg/interface_pkg.egg-info/requires.txt
writing top-level names to ../../build/interface_pkg/interface_pkg.egg-info/top_level.txt
writing manifest file '../../build/interface_pkg/interface_pkg.egg-info/SOURCES.txt'
reading manifest file '../../build/interface_pkg/interface_pkg.egg-info/SOURCES.txt'
adding license file 'LICENSE'
writing manifest file '../../build/interface_pkg/interface_pkg.egg-info/SOURCES.txt'
running build
running build_py
creating /home/mike54pfeiffer/Desktop/School/ROB599/project_ws/build/interface_pkg/build
creating /home/mike54pfeiffer/Desktop/School/ROB599/project_ws/build/interface_pkg/build/lib
creating /home/mike54pfeiffer/Desktop/School/ROB599/project_ws/build/interface_pkg/build/lib/interface_pkg
copying interface_pkg/__init__.py -> /home/mike54pfeiffer/Desktop/School/ROB599/project_ws/build/interface_pkg/build/lib/interface_pkg
running install
running install_lib
creating /home/mike54pfeiffer/Desktop/School/ROB599/project_ws/install/interface_pkg/lib/python3.12/site-packages/interface_pkg
copying /home/mike54pfeiffer/Desktop/School/ROB599/project_ws/build/interface_pkg/build/lib/interface_pkg/__init__.py -> /home/mike54pfeiffer/Desktop/School/ROB599/project_ws/install/interface_pkg/lib/python3.12/site-packages/interface_pkg
byte-compiling /home/mike54pfeiffer/Desktop/School/ROB599/project_ws/install/interface_pkg/lib/python3.12/site-packages/interface_pkg/__init__.py to __init__.cpython-312.pyc
running install_data
creating /home/mike54pfeiffer/Desktop/School/ROB599/project_ws/install/interface_pkg/share/ament_index
creating /home/mike54pfeiffer/Desktop/School/ROB599/project_ws/install/interface_pkg/share/ament_index/resource_index
creating /home/mike54pfeiffer/Desktop/School/ROB599/project_ws/install/interface_pkg/share/ament_index/resource_index/packages
copying resource/interface_pkg -> /home/mike54pfeiffer/Desktop/School/ROB599/project_ws/install/interface_pkg/share/ament_index/resource_index/packages
copying package.xml -> /home/mike54pfeiffer/Desktop/School/ROB599/project_ws/install/interface_pkg/share/interface_pkg
running install_egg_info
Copying ../../build/interface_pkg/interface_pkg.egg-info to /home/mike54pfeiffer/Desktop/School/ROB599/project_ws/install/interface_pkg/lib/python3.12/site-packages/interface_pkg-0.0.0-py3.12.egg-info
running install_scripts
writing list of installed files to '/home/mike54pfeiffer/Desktop/School/ROB599/project_ws/build/interface_pkg/install.log'
