[1.464s] Invoking command in '/home/mike54pfeiffer/Desktop/School/ROB599/project_ws/src/interface_pkg': DEBUGINFOD_URLS=https://debuginfod.ubuntu.com PYTHONPATH=/home/mike54pfeiffer/Desktop/School/ROB599/project_ws/build/interface_pkg/prefix_override:/usr/lib/python3/dist-packages/colcon_core/task/python/colcon_distutils_commands:/home/mike54pfeiffer/Desktop/School/ROB599/project_ws/install/interface_pkg/lib/python3.12/site-packages:${PYTHONPATH} /usr/bin/python3 -W ignore:setup.py install is deprecated -W ignore:easy_install command is deprecated setup.py egg_info --egg-base ../../build/interface_pkg build --build-base /home/mike54pfeiffer/Desktop/School/ROB599/project_ws/build/interface_pkg/build install --record /home/mike54pfeiffer/Desktop/School/ROB599/project_ws/build/interface_pkg/install.log --single-version-externally-managed install_data
[1.776s] running egg_info
[1.777s] creating ../../build/interface_pkg/interface_pkg.egg-info
[1.802s] writing ../../build/interface_pkg/interface_pkg.egg-info/PKG-INFO
[1.802s] writing dependency_links to ../../build/interface_pkg/interface_pkg.egg-info/dependency_links.txt
[1.803s] writing requirements to ../../build/interface_pkg/interface_pkg.egg-info/requires.txt
[1.803s] writing top-level names to ../../build/interface_pkg/interface_pkg.egg-info/top_level.txt
[1.803s] writing manifest file '../../build/interface_pkg/interface_pkg.egg-info/SOURCES.txt'
[1.877s] reading manifest file '../../build/interface_pkg/interface_pkg.egg-info/SOURCES.txt'
[1.878s] adding license file 'LICENSE'
[1.878s] writing manifest file '../../build/interface_pkg/interface_pkg.egg-info/SOURCES.txt'
[1.878s] running build
[1.878s] running build_py
[1.879s] creating /home/mike54pfeiffer/Desktop/School/ROB599/project_ws/build/interface_pkg/build
[1.879s] creating /home/mike54pfeiffer/Desktop/School/ROB599/project_ws/build/interface_pkg/build/lib
[1.879s] creating /home/mike54pfeiffer/Desktop/School/ROB599/project_ws/build/interface_pkg/build/lib/interface_pkg
[1.879s] copying interface_pkg/__init__.py -> /home/mike54pfeiffer/Desktop/School/ROB599/project_ws/build/interface_pkg/build/lib/interface_pkg
[1.879s] running install
[1.884s] running install_lib
[1.909s] creating /home/mike54pfeiffer/Desktop/School/ROB599/project_ws/install/interface_pkg/lib/python3.12/site-packages/interface_pkg
[1.909s] copying /home/mike54pfeiffer/Desktop/School/ROB599/project_ws/build/interface_pkg/build/lib/interface_pkg/__init__.py -> /home/mike54pfeiffer/Desktop/School/ROB599/project_ws/install/interface_pkg/lib/python3.12/site-packages/interface_pkg
[1.910s] byte-compiling /home/mike54pfeiffer/Desktop/School/ROB599/project_ws/install/interface_pkg/lib/python3.12/site-packages/interface_pkg/__init__.py to __init__.cpython-312.pyc
[1.910s] running install_data
[1.910s] creating /home/mike54pfeiffer/Desktop/School/ROB599/project_ws/install/interface_pkg/share/ament_index
[1.910s] creating /home/mike54pfeiffer/Desktop/School/ROB599/project_ws/install/interface_pkg/share/ament_index/resource_index
[1.910s] creating /home/mike54pfeiffer/Desktop/School/ROB599/project_ws/install/interface_pkg/share/ament_index/resource_index/packages
[1.910s] copying resource/interface_pkg -> /home/mike54pfeiffer/Desktop/School/ROB599/project_ws/install/interface_pkg/share/ament_index/resource_index/packages
[1.911s] copying package.xml -> /home/mike54pfeiffer/Desktop/School/ROB599/project_ws/install/interface_pkg/share/interface_pkg
[1.911s] running install_egg_info
[1.940s] Copying ../../build/interface_pkg/interface_pkg.egg-info to /home/mike54pfeiffer/Desktop/School/ROB599/project_ws/install/interface_pkg/lib/python3.12/site-packages/interface_pkg-0.0.0-py3.12.egg-info
[1.941s] running install_scripts
[2.111s] writing list of installed files to '/home/mike54pfeiffer/Desktop/School/ROB599/project_ws/build/interface_pkg/install.log'
[2.168s] Invoked command in '/home/mike54pfeiffer/Desktop/School/ROB599/project_ws/src/interface_pkg' returned '0': DEBUGINFOD_URLS=https://debuginfod.ubuntu.com PYTHONPATH=/home/mike54pfeiffer/Desktop/School/ROB599/project_ws/build/interface_pkg/prefix_override:/usr/lib/python3/dist-packages/colcon_core/task/python/colcon_distutils_commands:/home/mike54pfeiffer/Desktop/School/ROB599/project_ws/install/interface_pkg/lib/python3.12/site-packages:${PYTHONPATH} /usr/bin/python3 -W ignore:setup.py install is deprecated -W ignore:easy_install command is deprecated setup.py egg_info --egg-base ../../build/interface_pkg build --build-base /home/mike54pfeiffer/Desktop/School/ROB599/project_ws/build/interface_pkg/build install --record /home/mike54pfeiffer/Desktop/School/ROB599/project_ws/build/interface_pkg/install.log --single-version-externally-managed install_data
