running egg_info
creating ../../build/robot_pkg/robot_pkg.egg-info
writing ../../build/robot_pkg/robot_pkg.egg-info/PKG-INFO
writing dependency_links to ../../build/robot_pkg/robot_pkg.egg-info/dependency_links.txt
writing requirements to ../../build/robot_pkg/robot_pkg.egg-info/requires.txt
writing top-level names to ../../build/robot_pkg/robot_pkg.egg-info/top_level.txt
writing manifest file '../../build/robot_pkg/robot_pkg.egg-info/SOURCES.txt'
reading manifest file '../../build/robot_pkg/robot_pkg.egg-info/SOURCES.txt'
adding license file 'LICENSE'
writing manifest file '../../build/robot_pkg/robot_pkg.egg-info/SOURCES.txt'
running build
running build_py
creating /home/mike54pfeiffer/Desktop/School/ROB599/project_ws/build/robot_pkg/build
creating /home/mike54pfeiffer/Desktop/School/ROB599/project_ws/build/robot_pkg/build/lib
creating /home/mike54pfeiffer/Desktop/School/ROB599/project_ws/build/robot_pkg/build/lib/robot_pkg
copying robot_pkg/__init__.py -> /home/mike54pfeiffer/Desktop/School/ROB599/project_ws/build/robot_pkg/build/lib/robot_pkg
running install
running install_lib
creating /home/mike54pfeiffer/Desktop/School/ROB599/project_ws/install/robot_pkg/lib/python3.12/site-packages/robot_pkg
copying /home/mike54pfeiffer/Desktop/School/ROB599/project_ws/build/robot_pkg/build/lib/robot_pkg/__init__.py -> /home/mike54pfeiffer/Desktop/School/ROB599/project_ws/install/robot_pkg/lib/python3.12/site-packages/robot_pkg
byte-compiling /home/mike54pfeiffer/Desktop/School/ROB599/project_ws/install/robot_pkg/lib/python3.12/site-packages/robot_pkg/__init__.py to __init__.cpython-312.pyc
running install_data
creating /home/mike54pfeiffer/Desktop/School/ROB599/project_ws/install/robot_pkg/share/ament_index
creating /home/mike54pfeiffer/Desktop/School/ROB599/project_ws/install/robot_pkg/share/ament_index/resource_index
creating /home/mike54pfeiffer/Desktop/School/ROB599/project_ws/install/robot_pkg/share/ament_index/resource_index/packages
copying resource/robot_pkg -> /home/mike54pfeiffer/Desktop/School/ROB599/project_ws/install/robot_pkg/share/ament_index/resource_index/packages
copying package.xml -> /home/mike54pfeiffer/Desktop/School/ROB599/project_ws/install/robot_pkg/share/robot_pkg
running install_egg_info
Copying ../../build/robot_pkg/robot_pkg.egg-info to /home/mike54pfeiffer/Desktop/School/ROB599/project_ws/install/robot_pkg/lib/python3.12/site-packages/robot_pkg-0.0.0-py3.12.egg-info
running install_scripts
writing list of installed files to '/home/mike54pfeiffer/Desktop/School/ROB599/project_ws/build/robot_pkg/install.log'
