[1.441s] Invoking command in '/home/mike54pfeiffer/Desktop/School/ROB599/project_ws/src/robot_pkg': DEBUGINFOD_URLS=https://debuginfod.ubuntu.com PYTHONPATH=/home/mike54pfeiffer/Desktop/School/ROB599/project_ws/build/robot_pkg/prefix_override:/usr/lib/python3/dist-packages/colcon_core/task/python/colcon_distutils_commands:/home/mike54pfeiffer/Desktop/School/ROB599/project_ws/install/robot_pkg/lib/python3.12/site-packages:${PYTHONPATH} /usr/bin/python3 -W ignore:setup.py install is deprecated -W ignore:easy_install command is deprecated setup.py egg_info --egg-base ../../build/robot_pkg build --build-base /home/mike54pfeiffer/Desktop/School/ROB599/project_ws/build/robot_pkg/build install --record /home/mike54pfeiffer/Desktop/School/ROB599/project_ws/build/robot_pkg/install.log --single-version-externally-managed install_data
[1.759s] running egg_info
[1.759s] creating ../../build/robot_pkg/robot_pkg.egg-info
[1.785s] writing ../../build/robot_pkg/robot_pkg.egg-info/PKG-INFO
[1.785s] writing dependency_links to ../../build/robot_pkg/robot_pkg.egg-info/dependency_links.txt
[1.787s] writing requirements to ../../build/robot_pkg/robot_pkg.egg-info/requires.txt
[1.787s] writing top-level names to ../../build/robot_pkg/robot_pkg.egg-info/top_level.txt
[1.787s] writing manifest file '../../build/robot_pkg/robot_pkg.egg-info/SOURCES.txt'
[1.859s] reading manifest file '../../build/robot_pkg/robot_pkg.egg-info/SOURCES.txt'
[1.859s] adding license file 'LICENSE'
[1.860s] writing manifest file '../../build/robot_pkg/robot_pkg.egg-info/SOURCES.txt'
[1.860s] running build
[1.860s] running build_py
[1.860s] creating /home/mike54pfeiffer/Desktop/School/ROB599/project_ws/build/robot_pkg/build
[1.860s] creating /home/mike54pfeiffer/Desktop/School/ROB599/project_ws/build/robot_pkg/build/lib
[1.861s] creating /home/mike54pfeiffer/Desktop/School/ROB599/project_ws/build/robot_pkg/build/lib/robot_pkg
[1.861s] copying robot_pkg/__init__.py -> /home/mike54pfeiffer/Desktop/School/ROB599/project_ws/build/robot_pkg/build/lib/robot_pkg
[1.861s] running install
[1.866s] running install_lib
[1.892s] creating /home/mike54pfeiffer/Desktop/School/ROB599/project_ws/install/robot_pkg/lib/python3.12/site-packages/robot_pkg
[1.892s] copying /home/mike54pfeiffer/Desktop/School/ROB599/project_ws/build/robot_pkg/build/lib/robot_pkg/__init__.py -> /home/mike54pfeiffer/Desktop/School/ROB599/project_ws/install/robot_pkg/lib/python3.12/site-packages/robot_pkg
[1.892s] byte-compiling /home/mike54pfeiffer/Desktop/School/ROB599/project_ws/install/robot_pkg/lib/python3.12/site-packages/robot_pkg/__init__.py to __init__.cpython-312.pyc
[1.892s] running install_data
[1.892s] creating /home/mike54pfeiffer/Desktop/School/ROB599/project_ws/install/robot_pkg/share/ament_index
[1.893s] creating /home/mike54pfeiffer/Desktop/School/ROB599/project_ws/install/robot_pkg/share/ament_index/resource_index
[1.893s] creating /home/mike54pfeiffer/Desktop/School/ROB599/project_ws/install/robot_pkg/share/ament_index/resource_index/packages
[1.893s] copying resource/robot_pkg -> /home/mike54pfeiffer/Desktop/School/ROB599/project_ws/install/robot_pkg/share/ament_index/resource_index/packages
[1.893s] copying package.xml -> /home/mike54pfeiffer/Desktop/School/ROB599/project_ws/install/robot_pkg/share/robot_pkg
[1.893s] running install_egg_info
[1.925s] Copying ../../build/robot_pkg/robot_pkg.egg-info to /home/mike54pfeiffer/Desktop/School/ROB599/project_ws/install/robot_pkg/lib/python3.12/site-packages/robot_pkg-0.0.0-py3.12.egg-info
[1.926s] running install_scripts
[2.096s] writing list of installed files to '/home/mike54pfeiffer/Desktop/School/ROB599/project_ws/build/robot_pkg/install.log'
[2.142s] Invoked command in '/home/mike54pfeiffer/Desktop/School/ROB599/project_ws/src/robot_pkg' returned '0': DEBUGINFOD_URLS=https://debuginfod.ubuntu.com PYTHONPATH=/home/mike54pfeiffer/Desktop/School/ROB599/project_ws/build/robot_pkg/prefix_override:/usr/lib/python3/dist-packages/colcon_core/task/python/colcon_distutils_commands:/home/mike54pfeiffer/Desktop/School/ROB599/project_ws/install/robot_pkg/lib/python3.12/site-packages:${PYTHONPATH} /usr/bin/python3 -W ignore:setup.py install is deprecated -W ignore:easy_install command is deprecated setup.py egg_info --egg-base ../../build/robot_pkg build --build-base /home/mike54pfeiffer/Desktop/School/ROB599/project_ws/build/robot_pkg/build install --record /home/mike54pfeiffer/Desktop/School/ROB599/project_ws/build/robot_pkg/install.log --single-version-externally-managed install_data
