[0.136s] [34mcolcon[0m [1;30mDEBUG[0m [32mCommand line arguments: ['/usr/bin/colcon', 'build'][0m
[0.136s] [34mcolcon[0m [1;30mDEBUG[0m [32mParsed command line arguments: Namespace(log_base=None, log_level=None, verb_name='build', build_base='build', install_base='install', merge_install=False, symlink_install=False, test_result_base=None, continue_on_error=False, executor='parallel', parallel_workers=12, event_handlers=None, ignore_user_meta=False, metas=['./colcon.meta'], base_paths=['.'], packages_ignore=None, packages_ignore_regex=None, paths=None, packages_up_to=None, packages_up_to_regex=None, packages_above=None, packages_above_and_dependencies=None, packages_above_depth=None, packages_select_by_dep=None, packages_skip_by_dep=None, packages_skip_up_to=None, packages_select_build_failed=False, packages_skip_build_finished=False, packages_select_test_failures=False, packages_skip_test_passed=False, packages_select=None, packages_skip=None, packages_select_regex=None, packages_skip_regex=None, packages_start=None, packages_end=None, allow_overriding=[], cmake_args=None, cmake_target=None, cmake_target_skip_unavailable=False, cmake_clean_cache=False, cmake_clean_first=False, cmake_force_configure=False, ament_cmake_args=None, catkin_cmake_args=None, catkin_skip_building_tests=False, mixin_files=None, mixin=None, verb_parser=<colcon_mixin.mixin.mixin_argument.MixinArgumentDecorator object at 0x715145d673b0>, verb_extension=<colcon_core.verb.build.BuildVerb object at 0x715145d66f90>, main=<bound method BuildVerb.main of <colcon_core.verb.build.BuildVerb object at 0x715145d66f90>>, mixin_verb=('build',))[0m
[0.186s] [34mcolcon.colcon_core.package_discovery[0m [1;30mLevel 1[0m discover_packages(colcon_meta) check parameters
[0.186s] [34mcolcon.colcon_core.package_discovery[0m [1;30mLevel 1[0m discover_packages(recursive) check parameters
[0.186s] [34mcolcon.colcon_core.package_discovery[0m [1;30mLevel 1[0m discover_packages(ignore) check parameters
[0.186s] [34mcolcon.colcon_core.package_discovery[0m [1;30mLevel 1[0m discover_packages(path) check parameters
[0.186s] [34mcolcon.colcon_core.package_discovery[0m [1;30mLevel 1[0m discover_packages(colcon_meta) discover
[0.186s] [34mcolcon.colcon_core.package_discovery[0m [1;30mLevel 1[0m discover_packages(recursive) discover
[0.186s] [34mcolcon.colcon_core.package_discovery[0m [1;30mINFO[0m Crawling recursively for packages in '/home/mike54pfeiffer/Desktop/School/ROB599/project_ws'
[0.186s] [34mcolcon.colcon_core.package_identification[0m [1;30mLevel 1[0m _identify(.) by extensions ['ignore', 'ignore_ament_install']
[0.186s] [34mcolcon.colcon_core.package_identification[0m [1;30mLevel 1[0m _identify(.) by extension 'ignore'
[0.186s] [34mcolcon.colcon_core.package_identification[0m [1;30mLevel 1[0m _identify(.) by extension 'ignore_ament_install'
[0.186s] [34mcolcon.colcon_core.package_identification[0m [1;30mLevel 1[0m _identify(.) by extensions ['colcon_pkg']
[0.186s] [34mcolcon.colcon_core.package_identification[0m [1;30mLevel 1[0m _identify(.) by extension 'colcon_pkg'
[0.187s] [34mcolcon.colcon_core.package_identification[0m [1;30mLevel 1[0m _identify(.) by extensions ['colcon_meta']
[0.187s] [34mcolcon.colcon_core.package_identification[0m [1;30mLevel 1[0m _identify(.) by extension 'colcon_meta'
[0.187s] [34mcolcon.colcon_core.package_identification[0m [1;30mLevel 1[0m _identify(.) by extensions ['ros']
[0.187s] [34mcolcon.colcon_core.package_identification[0m [1;30mLevel 1[0m _identify(.) by extension 'ros'
[0.208s] [34mcolcon.colcon_core.package_identification[0m [1;30mLevel 1[0m _identify(.) by extensions ['cmake', 'python']
[0.208s] [34mcolcon.colcon_core.package_identification[0m [1;30mLevel 1[0m _identify(.) by extension 'cmake'
[0.208s] [34mcolcon.colcon_core.package_identification[0m [1;30mLevel 1[0m _identify(.) by extension 'python'
[0.208s] [34mcolcon.colcon_core.package_identification[0m [1;30mLevel 1[0m _identify(.) by extensions ['python_setup_py']
[0.208s] [34mcolcon.colcon_core.package_identification[0m [1;30mLevel 1[0m _identify(.) by extension 'python_setup_py'
[0.209s] [34mcolcon.colcon_core.package_identification[0m [1;30mLevel 1[0m _identify(build) by extensions ['ignore', 'ignore_ament_install']
[0.209s] [34mcolcon.colcon_core.package_identification[0m [1;30mLevel 1[0m _identify(build) by extension 'ignore'
[0.209s] [34mcolcon.colcon_core.package_identification[0m [1;30mLevel 1[0m _identify(build) ignored
[0.209s] [34mcolcon.colcon_core.package_identification[0m [1;30mLevel 1[0m _identify(install) by extensions ['ignore', 'ignore_ament_install']
[0.209s] [34mcolcon.colcon_core.package_identification[0m [1;30mLevel 1[0m _identify(install) by extension 'ignore'
[0.209s] [34mcolcon.colcon_core.package_identification[0m [1;30mLevel 1[0m _identify(install) ignored
[0.209s] [34mcolcon.colcon_core.package_identification[0m [1;30mLevel 1[0m _identify(log) by extensions ['ignore', 'ignore_ament_install']
[0.209s] [34mcolcon.colcon_core.package_identification[0m [1;30mLevel 1[0m _identify(log) by extension 'ignore'
[0.209s] [34mcolcon.colcon_core.package_identification[0m [1;30mLevel 1[0m _identify(log) ignored
[0.209s] [34mcolcon.colcon_core.package_identification[0m [1;30mLevel 1[0m _identify(src) by extensions ['ignore', 'ignore_ament_install']
[0.209s] [34mcolcon.colcon_core.package_identification[0m [1;30mLevel 1[0m _identify(src) by extension 'ignore'
[0.209s] [34mcolcon.colcon_core.package_identification[0m [1;30mLevel 1[0m _identify(src) by extension 'ignore_ament_install'
[0.209s] [34mcolcon.colcon_core.package_identification[0m [1;30mLevel 1[0m _identify(src) by extensions ['colcon_pkg']
[0.209s] [34mcolcon.colcon_core.package_identification[0m [1;30mLevel 1[0m _identify(src) by extension 'colcon_pkg'
[0.209s] [34mcolcon.colcon_core.package_identification[0m [1;30mLevel 1[0m _identify(src) by extensions ['colcon_meta']
[0.209s] [34mcolcon.colcon_core.package_identification[0m [1;30mLevel 1[0m _identify(src) by extension 'colcon_meta'
[0.209s] [34mcolcon.colcon_core.package_identification[0m [1;30mLevel 1[0m _identify(src) by extensions ['ros']
[0.209s] [34mcolcon.colcon_core.package_identification[0m [1;30mLevel 1[0m _identify(src) by extension 'ros'
[0.209s] [34mcolcon.colcon_core.package_identification[0m [1;30mLevel 1[0m _identify(src) by extensions ['cmake', 'python']
[0.209s] [34mcolcon.colcon_core.package_identification[0m [1;30mLevel 1[0m _identify(src) by extension 'cmake'
[0.210s] [34mcolcon.colcon_core.package_identification[0m [1;30mLevel 1[0m _identify(src) by extension 'python'
[0.210s] [34mcolcon.colcon_core.package_identification[0m [1;30mLevel 1[0m _identify(src) by extensions ['python_setup_py']
[0.210s] [34mcolcon.colcon_core.package_identification[0m [1;30mLevel 1[0m _identify(src) by extension 'python_setup_py'
[0.210s] [34mcolcon.colcon_core.package_identification[0m [1;30mLevel 1[0m _identify(src/gazebo_worlds) by extensions ['ignore', 'ignore_ament_install']
[0.210s] [34mcolcon.colcon_core.package_identification[0m [1;30mLevel 1[0m _identify(src/gazebo_worlds) by extension 'ignore'
[0.210s] [34mcolcon.colcon_core.package_identification[0m [1;30mLevel 1[0m _identify(src/gazebo_worlds) by extension 'ignore_ament_install'
[0.210s] [34mcolcon.colcon_core.package_identification[0m [1;30mLevel 1[0m _identify(src/gazebo_worlds) by extensions ['colcon_pkg']
[0.210s] [34mcolcon.colcon_core.package_identification[0m [1;30mLevel 1[0m _identify(src/gazebo_worlds) by extension 'colcon_pkg'
[0.210s] [34mcolcon.colcon_core.package_identification[0m [1;30mLevel 1[0m _identify(src/gazebo_worlds) by extensions ['colcon_meta']
[0.210s] [34mcolcon.colcon_core.package_identification[0m [1;30mLevel 1[0m _identify(src/gazebo_worlds) by extension 'colcon_meta'
[0.210s] [34mcolcon.colcon_core.package_identification[0m [1;30mLevel 1[0m _identify(src/gazebo_worlds) by extensions ['ros']
[0.210s] [34mcolcon.colcon_core.package_identification[0m [1;30mLevel 1[0m _identify(src/gazebo_worlds) by extension 'ros'
[0.210s] [34mcolcon.colcon_core.package_identification[0m [1;30mLevel 1[0m _identify(src/gazebo_worlds) by extensions ['cmake', 'python']
[0.210s] [34mcolcon.colcon_core.package_identification[0m [1;30mLevel 1[0m _identify(src/gazebo_worlds) by extension 'cmake'
[0.210s] [34mcolcon.colcon_core.package_identification[0m [1;30mLevel 1[0m _identify(src/gazebo_worlds) by extension 'python'
[0.210s] [34mcolcon.colcon_core.package_identification[0m [1;30mLevel 1[0m _identify(src/gazebo_worlds) by extensions ['python_setup_py']
[0.210s] [34mcolcon.colcon_core.package_identification[0m [1;30mLevel 1[0m _identify(src/gazebo_worlds) by extension 'python_setup_py'
[0.210s] [34mcolcon.colcon_core.package_identification[0m [1;30mLevel 1[0m _identify(src/interface_pkg) by extensions ['ignore', 'ignore_ament_install']
[0.210s] [34mcolcon.colcon_core.package_identification[0m [1;30mLevel 1[0m _identify(src/interface_pkg) by extension 'ignore'
[0.210s] [34mcolcon.colcon_core.package_identification[0m [1;30mLevel 1[0m _identify(src/interface_pkg) by extension 'ignore_ament_install'
[0.210s] [34mcolcon.colcon_core.package_identification[0m [1;30mLevel 1[0m _identify(src/interface_pkg) by extensions ['colcon_pkg']
[0.210s] [34mcolcon.colcon_core.package_identification[0m [1;30mLevel 1[0m _identify(src/interface_pkg) by extension 'colcon_pkg'
[0.210s] [34mcolcon.colcon_core.package_identification[0m [1;30mLevel 1[0m _identify(src/interface_pkg) by extensions ['colcon_meta']
[0.210s] [34mcolcon.colcon_core.package_identification[0m [1;30mLevel 1[0m _identify(src/interface_pkg) by extension 'colcon_meta'
[0.210s] [34mcolcon.colcon_core.package_identification[0m [1;30mLevel 1[0m _identify(src/interface_pkg) by extensions ['ros']
[0.211s] [34mcolcon.colcon_core.package_identification[0m [1;30mLevel 1[0m _identify(src/interface_pkg) by extension 'ros'
[0.213s] [34mcolcon.colcon_core.package_identification[0m [1;30mDEBUG[0m [32mPackage 'src/interface_pkg' with type 'ros.ament_python' and name 'interface_pkg'[0m
[0.213s] [34mcolcon.colcon_core.package_identification[0m [1;30mLevel 1[0m _identify(src/robot_pkg) by extensions ['ignore', 'ignore_ament_install']
[0.213s] [34mcolcon.colcon_core.package_identification[0m [1;30mLevel 1[0m _identify(src/robot_pkg) by extension 'ignore'
[0.213s] [34mcolcon.colcon_core.package_identification[0m [1;30mLevel 1[0m _identify(src/robot_pkg) by extension 'ignore_ament_install'
[0.213s] [34mcolcon.colcon_core.package_identification[0m [1;30mLevel 1[0m _identify(src/robot_pkg) by extensions ['colcon_pkg']
[0.213s] [34mcolcon.colcon_core.package_identification[0m [1;30mLevel 1[0m _identify(src/robot_pkg) by extension 'colcon_pkg'
[0.213s] [34mcolcon.colcon_core.package_identification[0m [1;30mLevel 1[0m _identify(src/robot_pkg) by extensions ['colcon_meta']
[0.213s] [34mcolcon.colcon_core.package_identification[0m [1;30mLevel 1[0m _identify(src/robot_pkg) by extension 'colcon_meta'
[0.213s] [34mcolcon.colcon_core.package_identification[0m [1;30mLevel 1[0m _identify(src/robot_pkg) by extensions ['ros']
[0.214s] [34mcolcon.colcon_core.package_identification[0m [1;30mLevel 1[0m _identify(src/robot_pkg) by extension 'ros'
[0.214s] [34mcolcon.colcon_core.package_identification[0m [1;30mDEBUG[0m [32mPackage 'src/robot_pkg' with type 'ros.ament_python' and name 'robot_pkg'[0m
[0.214s] [34mcolcon.colcon_core.package_discovery[0m [1;30mLevel 1[0m discover_packages(recursive) using defaults
[0.214s] [34mcolcon.colcon_core.package_discovery[0m [1;30mLevel 1[0m discover_packages(ignore) discover
[0.214s] [34mcolcon.colcon_core.package_discovery[0m [1;30mLevel 1[0m discover_packages(ignore) using defaults
[0.214s] [34mcolcon.colcon_core.package_discovery[0m [1;30mLevel 1[0m discover_packages(path) discover
[0.214s] [34mcolcon.colcon_core.package_discovery[0m [1;30mLevel 1[0m discover_packages(path) using defaults
[0.229s] [34mcolcon.colcon_core.package_discovery[0m [1;30mLevel 1[0m discover_packages(prefix_path) check parameters
[0.230s] [34mcolcon.colcon_core.package_discovery[0m [1;30mLevel 1[0m discover_packages(prefix_path) discover
[0.234s] [34mcolcon.colcon_installed_package_information.package_discovery[0m [1;30mDEBUG[0m [32mFound 347 installed packages in /opt/ros/jazzy[0m
[0.235s] [34mcolcon.colcon_core.package_discovery[0m [1;30mLevel 1[0m discover_packages(prefix_path) using defaults
[0.275s] [34mcolcon.colcon_core.verb[0m [1;30mLevel 5[0m set package 'interface_pkg' build argument 'cmake_args' from command line to 'None'
[0.275s] [34mcolcon.colcon_core.verb[0m [1;30mLevel 5[0m set package 'interface_pkg' build argument 'cmake_target' from command line to 'None'
[0.275s] [34mcolcon.colcon_core.verb[0m [1;30mLevel 5[0m set package 'interface_pkg' build argument 'cmake_target_skip_unavailable' from command line to 'False'
[0.275s] [34mcolcon.colcon_core.verb[0m [1;30mLevel 5[0m set package 'interface_pkg' build argument 'cmake_clean_cache' from command line to 'False'
[0.275s] [34mcolcon.colcon_core.verb[0m [1;30mLevel 5[0m set package 'interface_pkg' build argument 'cmake_clean_first' from command line to 'False'
[0.275s] [34mcolcon.colcon_core.verb[0m [1;30mLevel 5[0m set package 'interface_pkg' build argument 'cmake_force_configure' from command line to 'False'
[0.275s] [34mcolcon.colcon_core.verb[0m [1;30mLevel 5[0m set package 'interface_pkg' build argument 'ament_cmake_args' from command line to 'None'
[0.275s] [34mcolcon.colcon_core.verb[0m [1;30mLevel 5[0m set package 'interface_pkg' build argument 'catkin_cmake_args' from command line to 'None'
[0.275s] [34mcolcon.colcon_core.verb[0m [1;30mLevel 5[0m set package 'interface_pkg' build argument 'catkin_skip_building_tests' from command line to 'False'
[0.275s] [34mcolcon.colcon_core.verb[0m [1;30mDEBUG[0m [32mBuilding package 'interface_pkg' with the following arguments: {'ament_cmake_args': None, 'build_base': '/home/mike54pfeiffer/Desktop/School/ROB599/project_ws/build/interface_pkg', 'catkin_cmake_args': None, 'catkin_skip_building_tests': False, 'cmake_args': None, 'cmake_clean_cache': False, 'cmake_clean_first': False, 'cmake_force_configure': False, 'cmake_target': None, 'cmake_target_skip_unavailable': False, 'install_base': '/home/mike54pfeiffer/Desktop/School/ROB599/project_ws/install/interface_pkg', 'merge_install': False, 'path': '/home/mike54pfeiffer/Desktop/School/ROB599/project_ws/src/interface_pkg', 'symlink_install': False, 'test_result_base': None}[0m
[0.275s] [34mcolcon.colcon_core.verb[0m [1;30mLevel 5[0m set package 'robot_pkg' build argument 'cmake_args' from command line to 'None'
[0.276s] [34mcolcon.colcon_core.verb[0m [1;30mLevel 5[0m set package 'robot_pkg' build argument 'cmake_target' from command line to 'None'
[0.276s] [34mcolcon.colcon_core.verb[0m [1;30mLevel 5[0m set package 'robot_pkg' build argument 'cmake_target_skip_unavailable' from command line to 'False'
[0.276s] [34mcolcon.colcon_core.verb[0m [1;30mLevel 5[0m set package 'robot_pkg' build argument 'cmake_clean_cache' from command line to 'False'
[0.276s] [34mcolcon.colcon_core.verb[0m [1;30mLevel 5[0m set package 'robot_pkg' build argument 'cmake_clean_first' from command line to 'False'
[0.276s] [34mcolcon.colcon_core.verb[0m [1;30mLevel 5[0m set package 'robot_pkg' build argument 'cmake_force_configure' from command line to 'False'
[0.276s] [34mcolcon.colcon_core.verb[0m [1;30mLevel 5[0m set package 'robot_pkg' build argument 'ament_cmake_args' from command line to 'None'
[0.276s] [34mcolcon.colcon_core.verb[0m [1;30mLevel 5[0m set package 'robot_pkg' build argument 'catkin_cmake_args' from command line to 'None'
[0.276s] [34mcolcon.colcon_core.verb[0m [1;30mLevel 5[0m set package 'robot_pkg' build argument 'catkin_skip_building_tests' from command line to 'False'
[0.276s] [34mcolcon.colcon_core.verb[0m [1;30mDEBUG[0m [32mBuilding package 'robot_pkg' with the following arguments: {'ament_cmake_args': None, 'build_base': '/home/mike54pfeiffer/Desktop/School/ROB599/project_ws/build/robot_pkg', 'catkin_cmake_args': None, 'catkin_skip_building_tests': False, 'cmake_args': None, 'cmake_clean_cache': False, 'cmake_clean_first': False, 'cmake_force_configure': False, 'cmake_target': None, 'cmake_target_skip_unavailable': False, 'install_base': '/home/mike54pfeiffer/Desktop/School/ROB599/project_ws/install/robot_pkg', 'merge_install': False, 'path': '/home/mike54pfeiffer/Desktop/School/ROB599/project_ws/src/robot_pkg', 'symlink_install': False, 'test_result_base': None}[0m
[0.276s] [34mcolcon.colcon_core.executor[0m [1;30mINFO[0m Executing jobs using 'parallel' executor
[0.277s] [34mcolcon.colcon_parallel_executor.executor.parallel[0m [1;30mDEBUG[0m [32mrun_until_complete[0m
[0.277s] [34mcolcon.colcon_ros.task.ament_python.build[0m [1;30mINFO[0m Building ROS package in '/home/mike54pfeiffer/Desktop/School/ROB599/project_ws/src/interface_pkg' with build type 'ament_python'
[0.277s] [34mcolcon.colcon_core.shell[0m [1;30mLevel 1[0m create_environment_hook('interface_pkg', 'ament_prefix_path')
[0.280s] [34mcolcon.colcon_core.plugin_system[0m [1;30mINFO[0m Skipping extension 'colcon_core.shell.bat': Not used on non-Windows systems
[0.280s] [34mcolcon.colcon_core.shell[0m [1;30mINFO[0m Creating environment hook '/home/mike54pfeiffer/Desktop/School/ROB599/project_ws/install/interface_pkg/share/interface_pkg/hook/ament_prefix_path.ps1'
[0.281s] [34mcolcon.colcon_core.shell[0m [1;30mINFO[0m Creating environment descriptor '/home/mike54pfeiffer/Desktop/School/ROB599/project_ws/install/interface_pkg/share/interface_pkg/hook/ament_prefix_path.dsv'
[0.282s] [34mcolcon.colcon_core.shell[0m [1;30mINFO[0m Creating environment hook '/home/mike54pfeiffer/Desktop/School/ROB599/project_ws/install/interface_pkg/share/interface_pkg/hook/ament_prefix_path.sh'
[0.282s] [34mcolcon.colcon_core.shell[0m [1;30mINFO[0m Skip shell extension 'powershell' for command environment: Not usable outside of PowerShell
[0.282s] [34mcolcon.colcon_core.shell[0m [1;30mDEBUG[0m [32mSkip shell extension 'dsv' for command environment[0m
[0.286s] [34mcolcon.colcon_ros.task.ament_python.build[0m [1;30mINFO[0m Building ROS package in '/home/mike54pfeiffer/Desktop/School/ROB599/project_ws/src/robot_pkg' with build type 'ament_python'
[0.286s] [34mcolcon.colcon_core.shell[0m [1;30mLevel 1[0m create_environment_hook('robot_pkg', 'ament_prefix_path')
[0.287s] [34mcolcon.colcon_core.shell[0m [1;30mINFO[0m Creating environment hook '/home/mike54pfeiffer/Desktop/School/ROB599/project_ws/install/robot_pkg/share/robot_pkg/hook/ament_prefix_path.ps1'
[0.288s] [34mcolcon.colcon_core.shell[0m [1;30mINFO[0m Creating environment descriptor '/home/mike54pfeiffer/Desktop/School/ROB599/project_ws/install/robot_pkg/share/robot_pkg/hook/ament_prefix_path.dsv'
[0.288s] [34mcolcon.colcon_core.shell[0m [1;30mINFO[0m Creating environment hook '/home/mike54pfeiffer/Desktop/School/ROB599/project_ws/install/robot_pkg/share/robot_pkg/hook/ament_prefix_path.sh'
[0.289s] [34mcolcon.colcon_core.shell[0m [1;30mINFO[0m Skip shell extension 'powershell' for command environment: Not usable outside of PowerShell
[0.289s] [34mcolcon.colcon_core.shell[0m [1;30mDEBUG[0m [32mSkip shell extension 'dsv' for command environment[0m
[0.540s] [34mcolcon.colcon_core.task.python.build[0m [1;30mINFO[0m Building Python package in '/home/mike54pfeiffer/Desktop/School/ROB599/project_ws/src/interface_pkg'
[0.541s] [34mcolcon.colcon_core.shell[0m [1;30mINFO[0m Skip shell extension 'powershell' for command environment: Not usable outside of PowerShell
[0.541s] [34mcolcon.colcon_core.shell[0m [1;30mDEBUG[0m [32mSkip shell extension 'dsv' for command environment[0m
[0.828s] [34mcolcon.colcon_core.task.python.build[0m [1;30mINFO[0m Building Python package in '/home/mike54pfeiffer/Desktop/School/ROB599/project_ws/src/robot_pkg'
[0.828s] [34mcolcon.colcon_core.shell[0m [1;30mINFO[0m Skip shell extension 'powershell' for command environment: Not usable outside of PowerShell
[0.828s] [34mcolcon.colcon_core.shell[0m [1;30mDEBUG[0m [32mSkip shell extension 'dsv' for command environment[0m
[1.771s] [34mcolcon.colcon_core.event_handler.log_command[0m [1;30mDEBUG[0m [32mInvoking command in '/home/mike54pfeiffer/Desktop/School/ROB599/project_ws/src/robot_pkg': DEBUGINFOD_URLS=https://debuginfod.ubuntu.com PYTHONPATH=/home/mike54pfeiffer/Desktop/School/ROB599/project_ws/build/robot_pkg/prefix_override:/usr/lib/python3/dist-packages/colcon_core/task/python/colcon_distutils_commands:/home/mike54pfeiffer/Desktop/School/ROB599/project_ws/install/robot_pkg/lib/python3.12/site-packages:${PYTHONPATH} /usr/bin/python3 -W ignore:setup.py install is deprecated -W ignore:easy_install command is deprecated setup.py egg_info --egg-base ../../build/robot_pkg build --build-base /home/mike54pfeiffer/Desktop/School/ROB599/project_ws/build/robot_pkg/build install --record /home/mike54pfeiffer/Desktop/School/ROB599/project_ws/build/robot_pkg/install.log --single-version-externally-managed install_data[0m
[1.782s] [34mcolcon.colcon_core.event_handler.log_command[0m [1;30mDEBUG[0m [32mInvoking command in '/home/mike54pfeiffer/Desktop/School/ROB599/project_ws/src/interface_pkg': DEBUGINFOD_URLS=https://debuginfod.ubuntu.com PYTHONPATH=/home/mike54pfeiffer/Desktop/School/ROB599/project_ws/build/interface_pkg/prefix_override:/usr/lib/python3/dist-packages/colcon_core/task/python/colcon_distutils_commands:/home/mike54pfeiffer/Desktop/School/ROB599/project_ws/install/interface_pkg/lib/python3.12/site-packages:${PYTHONPATH} /usr/bin/python3 -W ignore:setup.py install is deprecated -W ignore:easy_install command is deprecated setup.py egg_info --egg-base ../../build/interface_pkg build --build-base /home/mike54pfeiffer/Desktop/School/ROB599/project_ws/build/interface_pkg/build install --record /home/mike54pfeiffer/Desktop/School/ROB599/project_ws/build/interface_pkg/install.log --single-version-externally-managed install_data[0m
[2.572s] [34mcolcon.colcon_core.event_handler.log_command[0m [1;30mDEBUG[0m [32mInvoked command in '/home/mike54pfeiffer/Desktop/School/ROB599/project_ws/src/interface_pkg' returned '0': DEBUGINFOD_URLS=https://debuginfod.ubuntu.com PYTHONPATH=/home/mike54pfeiffer/Desktop/School/ROB599/project_ws/build/interface_pkg/prefix_override:/usr/lib/python3/dist-packages/colcon_core/task/python/colcon_distutils_commands:/home/mike54pfeiffer/Desktop/School/ROB599/project_ws/install/interface_pkg/lib/python3.12/site-packages:${PYTHONPATH} /usr/bin/python3 -W ignore:setup.py install is deprecated -W ignore:easy_install command is deprecated setup.py egg_info --egg-base ../../build/interface_pkg build --build-base /home/mike54pfeiffer/Desktop/School/ROB599/project_ws/build/interface_pkg/build install --record /home/mike54pfeiffer/Desktop/School/ROB599/project_ws/build/interface_pkg/install.log --single-version-externally-managed install_data[0m
[2.575s] [34mcolcon.colcon_core.environment[0m [1;30mLevel 1[0m checking '/home/mike54pfeiffer/Desktop/School/ROB599/project_ws/install/interface_pkg' for CMake module files
[2.576s] [34mcolcon.colcon_core.environment[0m [1;30mLevel 1[0m checking '/home/mike54pfeiffer/Desktop/School/ROB599/project_ws/install/interface_pkg' for CMake config files
[2.576s] [34mcolcon.colcon_core.environment[0m [1;30mLevel 1[0m checking '/home/mike54pfeiffer/Desktop/School/ROB599/project_ws/install/interface_pkg/lib'
[2.576s] [34mcolcon.colcon_core.environment[0m [1;30mLevel 1[0m checking '/home/mike54pfeiffer/Desktop/School/ROB599/project_ws/install/interface_pkg/bin'
[2.576s] [34mcolcon.colcon_core.environment[0m [1;30mLevel 1[0m checking '/home/mike54pfeiffer/Desktop/School/ROB599/project_ws/install/interface_pkg/lib/pkgconfig/interface_pkg.pc'
[2.576s] [34mcolcon.colcon_core.environment[0m [1;30mLevel 1[0m checking '/home/mike54pfeiffer/Desktop/School/ROB599/project_ws/install/interface_pkg/lib/python3.12/site-packages'
[2.577s] [34mcolcon.colcon_core.shell[0m [1;30mLevel 1[0m create_environment_hook('interface_pkg', 'pythonpath')
[2.577s] [34mcolcon.colcon_core.shell[0m [1;30mINFO[0m Creating environment hook '/home/mike54pfeiffer/Desktop/School/ROB599/project_ws/install/interface_pkg/share/interface_pkg/hook/pythonpath.ps1'
[2.577s] [34mcolcon.colcon_core.shell[0m [1;30mINFO[0m Creating environment descriptor '/home/mike54pfeiffer/Desktop/School/ROB599/project_ws/install/interface_pkg/share/interface_pkg/hook/pythonpath.dsv'
[2.577s] [34mcolcon.colcon_core.shell[0m [1;30mINFO[0m Creating environment hook '/home/mike54pfeiffer/Desktop/School/ROB599/project_ws/install/interface_pkg/share/interface_pkg/hook/pythonpath.sh'
[2.578s] [34mcolcon.colcon_core.environment[0m [1;30mLevel 1[0m checking '/home/mike54pfeiffer/Desktop/School/ROB599/project_ws/install/interface_pkg/bin'
[2.578s] [34mcolcon.colcon_core.environment[0m [1;30mLevel 1[0m create_environment_scripts_only(interface_pkg)
[2.578s] [34mcolcon.colcon_core.shell[0m [1;30mINFO[0m Creating package script '/home/mike54pfeiffer/Desktop/School/ROB599/project_ws/install/interface_pkg/share/interface_pkg/package.ps1'
[2.579s] [34mcolcon.colcon_core.shell[0m [1;30mINFO[0m Creating package descriptor '/home/mike54pfeiffer/Desktop/School/ROB599/project_ws/install/interface_pkg/share/interface_pkg/package.dsv'
[2.579s] [34mcolcon.colcon_core.shell[0m [1;30mINFO[0m Creating package script '/home/mike54pfeiffer/Desktop/School/ROB599/project_ws/install/interface_pkg/share/interface_pkg/package.sh'
[2.580s] [34mcolcon.colcon_core.shell[0m [1;30mINFO[0m Creating package script '/home/mike54pfeiffer/Desktop/School/ROB599/project_ws/install/interface_pkg/share/interface_pkg/package.bash'
[2.581s] [34mcolcon.colcon_core.shell[0m [1;30mINFO[0m Creating package script '/home/mike54pfeiffer/Desktop/School/ROB599/project_ws/install/interface_pkg/share/interface_pkg/package.zsh'
[2.581s] [34mcolcon.colcon_core.environment[0m [1;30mLevel 1[0m create_file_with_runtime_dependencies(/home/mike54pfeiffer/Desktop/School/ROB599/project_ws/install/interface_pkg/share/colcon-core/packages/interface_pkg)
[2.582s] [34mcolcon.colcon_core.environment[0m [1;30mLevel 1[0m checking '/home/mike54pfeiffer/Desktop/School/ROB599/project_ws/install/robot_pkg' for CMake module files
[2.583s] [34mcolcon.colcon_core.environment[0m [1;30mLevel 1[0m checking '/home/mike54pfeiffer/Desktop/School/ROB599/project_ws/install/robot_pkg' for CMake config files
[2.583s] [34mcolcon.colcon_core.event_handler.log_command[0m [1;30mDEBUG[0m [32mInvoked command in '/home/mike54pfeiffer/Desktop/School/ROB599/project_ws/src/robot_pkg' returned '0': DEBUGINFOD_URLS=https://debuginfod.ubuntu.com PYTHONPATH=/home/mike54pfeiffer/Desktop/School/ROB599/project_ws/build/robot_pkg/prefix_override:/usr/lib/python3/dist-packages/colcon_core/task/python/colcon_distutils_commands:/home/mike54pfeiffer/Desktop/School/ROB599/project_ws/install/robot_pkg/lib/python3.12/site-packages:${PYTHONPATH} /usr/bin/python3 -W ignore:setup.py install is deprecated -W ignore:easy_install command is deprecated setup.py egg_info --egg-base ../../build/robot_pkg build --build-base /home/mike54pfeiffer/Desktop/School/ROB599/project_ws/build/robot_pkg/build install --record /home/mike54pfeiffer/Desktop/School/ROB599/project_ws/build/robot_pkg/install.log --single-version-externally-managed install_data[0m
[2.583s] [34mcolcon.colcon_core.environment[0m [1;30mLevel 1[0m checking '/home/mike54pfeiffer/Desktop/School/ROB599/project_ws/install/robot_pkg/lib'
[2.583s] [34mcolcon.colcon_core.environment[0m [1;30mLevel 1[0m checking '/home/mike54pfeiffer/Desktop/School/ROB599/project_ws/install/robot_pkg/bin'
[2.583s] [34mcolcon.colcon_core.environment[0m [1;30mLevel 1[0m checking '/home/mike54pfeiffer/Desktop/School/ROB599/project_ws/install/robot_pkg/lib/pkgconfig/robot_pkg.pc'
[2.584s] [34mcolcon.colcon_core.environment[0m [1;30mLevel 1[0m checking '/home/mike54pfeiffer/Desktop/School/ROB599/project_ws/install/robot_pkg/lib/python3.12/site-packages'
[2.584s] [34mcolcon.colcon_core.shell[0m [1;30mLevel 1[0m create_environment_hook('robot_pkg', 'pythonpath')
[2.584s] [34mcolcon.colcon_core.shell[0m [1;30mINFO[0m Creating environment hook '/home/mike54pfeiffer/Desktop/School/ROB599/project_ws/install/robot_pkg/share/robot_pkg/hook/pythonpath.ps1'
[2.584s] [34mcolcon.colcon_core.shell[0m [1;30mINFO[0m Creating environment descriptor '/home/mike54pfeiffer/Desktop/School/ROB599/project_ws/install/robot_pkg/share/robot_pkg/hook/pythonpath.dsv'
[2.585s] [34mcolcon.colcon_core.shell[0m [1;30mINFO[0m Creating environment hook '/home/mike54pfeiffer/Desktop/School/ROB599/project_ws/install/robot_pkg/share/robot_pkg/hook/pythonpath.sh'
[2.585s] [34mcolcon.colcon_core.environment[0m [1;30mLevel 1[0m checking '/home/mike54pfeiffer/Desktop/School/ROB599/project_ws/install/robot_pkg/bin'
[2.585s] [34mcolcon.colcon_core.environment[0m [1;30mLevel 1[0m create_environment_scripts_only(robot_pkg)
[2.585s] [34mcolcon.colcon_core.shell[0m [1;30mINFO[0m Creating package script '/home/mike54pfeiffer/Desktop/School/ROB599/project_ws/install/robot_pkg/share/robot_pkg/package.ps1'
[2.586s] [34mcolcon.colcon_core.shell[0m [1;30mINFO[0m Creating package descriptor '/home/mike54pfeiffer/Desktop/School/ROB599/project_ws/install/robot_pkg/share/robot_pkg/package.dsv'
[2.586s] [34mcolcon.colcon_core.shell[0m [1;30mINFO[0m Creating package script '/home/mike54pfeiffer/Desktop/School/ROB599/project_ws/install/robot_pkg/share/robot_pkg/package.sh'
[2.586s] [34mcolcon.colcon_core.shell[0m [1;30mINFO[0m Creating package script '/home/mike54pfeiffer/Desktop/School/ROB599/project_ws/install/robot_pkg/share/robot_pkg/package.bash'
[2.587s] [34mcolcon.colcon_core.shell[0m [1;30mINFO[0m Creating package script '/home/mike54pfeiffer/Desktop/School/ROB599/project_ws/install/robot_pkg/share/robot_pkg/package.zsh'
[2.587s] [34mcolcon.colcon_core.environment[0m [1;30mLevel 1[0m create_file_with_runtime_dependencies(/home/mike54pfeiffer/Desktop/School/ROB599/project_ws/install/robot_pkg/share/colcon-core/packages/robot_pkg)
[2.587s] [34mcolcon.colcon_parallel_executor.executor.parallel[0m [1;30mDEBUG[0m [32mclosing loop[0m
[2.587s] [34mcolcon.colcon_parallel_executor.executor.parallel[0m [1;30mDEBUG[0m [32mloop closed[0m
[2.587s] [34mcolcon.colcon_parallel_executor.executor.parallel[0m [1;30mDEBUG[0m [32mrun_until_complete finished with '0'[0m
[2.587s] [34mcolcon.colcon_core.event_reactor[0m [1;30mDEBUG[0m [32mjoining thread[0m
[2.597s] [34mcolcon.colcon_core.plugin_system[0m [1;30mINFO[0m Skipping extension 'colcon_notification.desktop_notification.terminal_notifier': Not used on non-Darwin systems
[2.597s] [34mcolcon.colcon_core.plugin_system[0m [1;30mINFO[0m Skipping extension 'colcon_notification.desktop_notification.win32': Not used on non-Windows systems
[2.597s] [34mcolcon.colcon_notification.desktop_notification[0m [1;30mINFO[0m Sending desktop notification using 'notify2'
[2.640s] [34mcolcon.colcon_core.event_reactor[0m [1;30mDEBUG[0m [32mjoined thread[0m
[2.641s] [34mcolcon.colcon_core.shell[0m [1;30mINFO[0m Creating prefix script '/home/mike54pfeiffer/Desktop/School/ROB599/project_ws/install/local_setup.ps1'
[2.642s] [34mcolcon.colcon_core.shell[0m [1;30mINFO[0m Creating prefix util module '/home/mike54pfeiffer/Desktop/School/ROB599/project_ws/install/_local_setup_util_ps1.py'
[2.643s] [34mcolcon.colcon_core.shell[0m [1;30mINFO[0m Creating prefix chain script '/home/mike54pfeiffer/Desktop/School/ROB599/project_ws/install/setup.ps1'
[2.644s] [34mcolcon.colcon_core.shell[0m [1;30mINFO[0m Creating prefix script '/home/mike54pfeiffer/Desktop/School/ROB599/project_ws/install/local_setup.sh'
[2.645s] [34mcolcon.colcon_core.shell[0m [1;30mINFO[0m Creating prefix util module '/home/mike54pfeiffer/Desktop/School/ROB599/project_ws/install/_local_setup_util_sh.py'
[2.645s] [34mcolcon.colcon_core.shell[0m [1;30mINFO[0m Creating prefix chain script '/home/mike54pfeiffer/Desktop/School/ROB599/project_ws/install/setup.sh'
[2.646s] [34mcolcon.colcon_core.shell[0m [1;30mINFO[0m Creating prefix script '/home/mike54pfeiffer/Desktop/School/ROB599/project_ws/install/local_setup.bash'
[2.647s] [34mcolcon.colcon_core.shell[0m [1;30mINFO[0m Creating prefix chain script '/home/mike54pfeiffer/Desktop/School/ROB599/project_ws/install/setup.bash'
[2.648s] [34mcolcon.colcon_core.shell[0m [1;30mINFO[0m Creating prefix script '/home/mike54pfeiffer/Desktop/School/ROB599/project_ws/install/local_setup.zsh'
[2.648s] [34mcolcon.colcon_core.shell[0m [1;30mINFO[0m Creating prefix chain script '/home/mike54pfeiffer/Desktop/School/ROB599/project_ws/install/setup.zsh'
