[1.193s] Invoking command in '/home/mike54pfeiffer/Desktop/School/ROB599/project_ws/src/robot_pkg': DEBUGINFOD_URLS=https://debuginfod.ubuntu.com PYTHONPATH=/home/mike54pfeiffer/Desktop/School/ROB599/project_ws/build/robot_pkg/prefix_override:/usr/lib/python3/dist-packages/colcon_core/task/python/colcon_distutils_commands:/home/mike54pfeiffer/Desktop/School/ROB599/project_ws/install/robot_pkg/lib/python3.12/site-packages:${PYTHONPATH} /usr/bin/python3 -W ignore:setup.py install is deprecated -W ignore:easy_install command is deprecated setup.py egg_info --egg-base ../../build/robot_pkg build --build-base /home/mike54pfeiffer/Desktop/School/ROB599/project_ws/build/robot_pkg/build install --record /home/mike54pfeiffer/Desktop/School/ROB599/project_ws/build/robot_pkg/install.log --single-version-externally-managed install_data
[1.496s] running egg_info
[1.521s] writing ../../build/robot_pkg/robot_pkg.egg-info/PKG-INFO
[1.521s] writing dependency_links to ../../build/robot_pkg/robot_pkg.egg-info/dependency_links.txt
[1.521s] writing entry points to ../../build/robot_pkg/robot_pkg.egg-info/entry_points.txt
[1.521s] writing requirements to ../../build/robot_pkg/robot_pkg.egg-info/requires.txt
[1.521s] writing top-level names to ../../build/robot_pkg/robot_pkg.egg-info/top_level.txt
[1.571s] reading manifest file '../../build/robot_pkg/robot_pkg.egg-info/SOURCES.txt'
[1.572s] adding license file 'LICENSE'
[1.572s] writing manifest file '../../build/robot_pkg/robot_pkg.egg-info/SOURCES.txt'
[1.572s] running build
[1.572s] running build_py
[1.572s] running install
[1.577s] running install_lib
[1.604s] running install_data
[1.604s] copying launch/this_launch.py -> /home/mike54pfeiffer/Desktop/School/ROB599/project_ws/install/robot_pkg/share/robot_pkg/launch
[1.604s] creating /home/mike54pfeiffer/Desktop/School/ROB599/project_ws/install/robot_pkg/share/robot_pkg/gazebo_models
[1.604s] creating /home/mike54pfeiffer/Desktop/School/ROB599/project_ws/install/robot_pkg/share/robot_pkg/gazebo_plugins
[1.604s] creating /home/mike54pfeiffer/Desktop/School/ROB599/project_ws/install/robot_pkg/share/robot_pkg/gazebo_worlds
[1.604s] running install_egg_info
[1.631s] removing '/home/mike54pfeiffer/Desktop/School/ROB599/project_ws/install/robot_pkg/lib/python3.12/site-packages/robot_pkg-0.0.0-py3.12.egg-info' (and everything under it)
[1.631s] Copying ../../build/robot_pkg/robot_pkg.egg-info to /home/mike54pfeiffer/Desktop/School/ROB599/project_ws/install/robot_pkg/lib/python3.12/site-packages/robot_pkg-0.0.0-py3.12.egg-info
[1.632s] running install_scripts
[1.793s] Installing test script to /home/mike54pfeiffer/Desktop/School/ROB599/project_ws/install/robot_pkg/lib/robot_pkg
[1.793s] writing list of installed files to '/home/mike54pfeiffer/Desktop/School/ROB599/project_ws/build/robot_pkg/install.log'
[1.831s] Invoked command in '/home/mike54pfeiffer/Desktop/School/ROB599/project_ws/src/robot_pkg' returned '0': DEBUGINFOD_URLS=https://debuginfod.ubuntu.com PYTHONPATH=/home/mike54pfeiffer/Desktop/School/ROB599/project_ws/build/robot_pkg/prefix_override:/usr/lib/python3/dist-packages/colcon_core/task/python/colcon_distutils_commands:/home/mike54pfeiffer/Desktop/School/ROB599/project_ws/install/robot_pkg/lib/python3.12/site-packages:${PYTHONPATH} /usr/bin/python3 -W ignore:setup.py install is deprecated -W ignore:easy_install command is deprecated setup.py egg_info --egg-base ../../build/robot_pkg build --build-base /home/mike54pfeiffer/Desktop/School/ROB599/project_ws/build/robot_pkg/build install --record /home/mike54pfeiffer/Desktop/School/ROB599/project_ws/build/robot_pkg/install.log --single-version-externally-managed install_data
