[0.632s] Invoking command in '/home/sidd/ROB599_NarrowCorridorNavigation/src/interface_pkg': DEBUGINFOD_URLS=https://debuginfod.ubuntu.com PYTHONPATH=/home/sidd/ROB599_NarrowCorridorNavigation/build/interface_pkg/prefix_override:/usr/lib/python3/dist-packages/colcon_core/task/python/colcon_distutils_commands:/home/sidd/ROB599_NarrowCorridorNavigation/install/interface_pkg/lib/python3.12/site-packages:${PYTHONPATH} /usr/bin/python3 -W ignore:setup.py install is deprecated -W ignore:easy_install command is deprecated setup.py egg_info --egg-base ../../build/interface_pkg build --build-base /home/sidd/ROB599_NarrowCorridorNavigation/build/interface_pkg/build install --record /home/sidd/ROB599_NarrowCorridorNavigation/build/interface_pkg/install.log --single-version-externally-managed install_data
[0.737s] running egg_info
[0.744s] writing ../../build/interface_pkg/interface_pkg.egg-info/PKG-INFO
[0.744s] writing dependency_links to ../../build/interface_pkg/interface_pkg.egg-info/dependency_links.txt
[0.744s] writing requirements to ../../build/interface_pkg/interface_pkg.egg-info/requires.txt
[0.744s] writing top-level names to ../../build/interface_pkg/interface_pkg.egg-info/top_level.txt
[0.758s] reading manifest file '../../build/interface_pkg/interface_pkg.egg-info/SOURCES.txt'
[0.758s] adding license file 'LICENSE'
[0.758s] writing manifest file '../../build/interface_pkg/interface_pkg.egg-info/SOURCES.txt'
[0.758s] running build
[0.758s] running build_py
[0.759s] running install
[0.762s] running install_lib
[0.769s] running install_data
[0.769s] running install_egg_info
[0.776s] removing '/home/sidd/ROB599_NarrowCorridorNavigation/install/interface_pkg/lib/python3.12/site-packages/interface_pkg-0.0.0-py3.12.egg-info' (and everything under it)
[0.776s] Copying ../../build/interface_pkg/interface_pkg.egg-info to /home/sidd/ROB599_NarrowCorridorNavigation/install/interface_pkg/lib/python3.12/site-packages/interface_pkg-0.0.0-py3.12.egg-info
[0.777s] running install_scripts
[0.829s] writing list of installed files to '/home/sidd/ROB599_NarrowCorridorNavigation/build/interface_pkg/install.log'
[0.847s] Invoked command in '/home/sidd/ROB599_NarrowCorridorNavigation/src/interface_pkg' returned '0': DEBUGINFOD_URLS=https://debuginfod.ubuntu.com PYTHONPATH=/home/sidd/ROB599_NarrowCorridorNavigation/build/interface_pkg/prefix_override:/usr/lib/python3/dist-packages/colcon_core/task/python/colcon_distutils_commands:/home/sidd/ROB599_NarrowCorridorNavigation/install/interface_pkg/lib/python3.12/site-packages:${PYTHONPATH} /usr/bin/python3 -W ignore:setup.py install is deprecated -W ignore:easy_install command is deprecated setup.py egg_info --egg-base ../../build/interface_pkg build --build-base /home/sidd/ROB599_NarrowCorridorNavigation/build/interface_pkg/build install --record /home/sidd/ROB599_NarrowCorridorNavigation/build/interface_pkg/install.log --single-version-externally-managed install_data
