running egg_info
writing ../../build/robot_pkg/robot_pkg.egg-info/PKG-INFO
writing dependency_links to ../../build/robot_pkg/robot_pkg.egg-info/dependency_links.txt
writing entry points to ../../build/robot_pkg/robot_pkg.egg-info/entry_points.txt
writing requirements to ../../build/robot_pkg/robot_pkg.egg-info/requires.txt
writing top-level names to ../../build/robot_pkg/robot_pkg.egg-info/top_level.txt
reading manifest file '../../build/robot_pkg/robot_pkg.egg-info/SOURCES.txt'
adding license file 'LICENSE'
writing manifest file '../../build/robot_pkg/robot_pkg.egg-info/SOURCES.txt'
running build
running build_py
creating /home/mike54pfeiffer/Desktop/School/ROB599/project_ws/build/robot_pkg/build/lib/robot_pkg/gazebo_worlds
copying robot_pkg/gazebo_worlds/__init__.py -> /home/mike54pfeiffer/Desktop/School/ROB599/project_ws/build/robot_pkg/build/lib/robot_pkg/gazebo_worlds
running install
running install_lib
creating /home/mike54pfeiffer/Desktop/School/ROB599/project_ws/install/robot_pkg/lib/python3.12/site-packages/robot_pkg/gazebo_worlds
copying /home/mike54pfeiffer/Desktop/School/ROB599/project_ws/build/robot_pkg/build/lib/robot_pkg/gazebo_worlds/__init__.py -> /home/mike54pfeiffer/Desktop/School/ROB599/project_ws/install/robot_pkg/lib/python3.12/site-packages/robot_pkg/gazebo_worlds
byte-compiling /home/mike54pfeiffer/Desktop/School/ROB599/project_ws/install/robot_pkg/lib/python3.12/site-packages/robot_pkg/gazebo_worlds/__init__.py to __init__.cpython-312.pyc
running install_data
running install_egg_info
removing '/home/mike54pfeiffer/Desktop/School/ROB599/project_ws/install/robot_pkg/lib/python3.12/site-packages/robot_pkg-0.0.0-py3.12.egg-info' (and everything under it)
Copying ../../build/robot_pkg/robot_pkg.egg-info to /home/mike54pfeiffer/Desktop/School/ROB599/project_ws/install/robot_pkg/lib/python3.12/site-packages/robot_pkg-0.0.0-py3.12.egg-info
running install_scripts
Installing test script to /home/mike54pfeiffer/Desktop/School/ROB599/project_ws/install/robot_pkg/lib/robot_pkg
writing list of installed files to '/home/mike54pfeiffer/Desktop/School/ROB599/project_ws/build/robot_pkg/install.log'
